# JRE version: OpenJDK Runtime Environment (8.0_152-b01) (build 1.8.0_152-release-915-b01)
# Java VM: OpenJDK 64-Bit Server VM (25.152-b01 mixed mode linux-amd64 compressed oops)
Heap:
 PSYoungGen      total 467456K, used 272019K [0x00000000e0000000, 0x00000000ffe80000, 0x0000000100000000)
  eden space 416256K, 62% used [0x00000000e0000000,0x00000000efc438f8,0x00000000f9680000)
  from space 51200K, 26% used [0x00000000f9680000,0x00000000fa3e1368,0x00000000fc880000)
  to   space 48640K, 0% used [0x00000000fcf00000,0x00000000fcf00000,0x00000000ffe80000)
 ParOldGen       total 257536K, used 173691K [0x00000000a0000000, 0x00000000afb80000, 0x00000000e0000000)
  object space 257536K, 67% used [0x00000000a0000000,0x00000000aa99ef20,0x00000000afb80000)
 Metaspace       used 94845K, capacity 103700K, committed 103936K, reserved 1138688K
  class space    used 11795K, capacity 13751K, committed 13824K, reserved 1048576K
GC Heap History (10 events):
Event: 13398.097 GC heap before
{Heap before GC invocations=64 (full 7):
 PSYoungGen      total 459776K, used 450835K [0x00000000e0000000, 0x0000000100000000, 0x0000000100000000)
  eden space 407552K, 100% used [0x00000000e0000000,0x00000000f8e00000,0x00000000f8e00000)
  from space 52224K, 82% used [0x00000000fca80000,0x00000000ff4c4ea0,0x00000000ffd80000)
  to   space 58368K, 0% used [0x00000000f8e00000,0x00000000f8e00000,0x00000000fc700000)
 ParOldGen       total 257536K, used 166538K [0x00000000a0000000, 0x00000000afb80000, 0x00000000e0000000)
  object space 257536K, 64% used [0x00000000a0000000,0x00000000aa2a2b48,0x00000000afb80000)
 Metaspace       used 92307K, capacity 98876K, committed 98944K, reserved 1134592K
  class space    used 11448K, capacity 12888K, committed 12928K, reserved 1048576K
Event: 13398.301 GC heap after
Heap after GC invocations=64 (full 7):
 PSYoungGen      total 465920K, used 23665K [0x00000000e0000000, 0x0000000100000000, 0x0000000100000000)
  eden space 407552K, 0% used [0x00000000e0000000,0x00000000e0000000,0x00000000f8e00000)
  from space 58368K, 40% used [0x00000000f8e00000,0x00000000fa51c508,0x00000000fc700000)
  to   space 56320K, 0% used [0x00000000fc900000,0x00000000fc900000,0x0000000100000000)
 ParOldGen       total 257536K, used 168778K [0x00000000a0000000, 0x00000000afb80000, 0x00000000e0000000)
  object space 257536K, 65% used [0x00000000a0000000,0x00000000aa4d2b98,0x00000000afb80000)
 Metaspace       used 92307K, capacity 98876K, committed 98944K, reserved 1134592K
  class space    used 11448K, capacity 12888K, committed 12928K, reserved 1048576K
}
Event: 13408.439 GC heap before
{Heap before GC invocations=65 (full 7):
 PSYoungGen      total 465920K, used 430752K [0x00000000e0000000, 0x0000000100000000, 0x0000000100000000)
  eden space 407552K, 99% used [0x00000000e0000000,0x00000000f8d8bce8,0x00000000f8e00000)
  from space 58368K, 40% used [0x00000000f8e00000,0x00000000fa51c508,0x00000000fc700000)
  to   space 56320K, 0% used [0x00000000fc900000,0x00000000fc900000,0x0000000100000000)
 ParOldGen       total 257536K, used 168778K [0x00000000a0000000, 0x00000000afb80000, 0x00000000e0000000)
  object space 257536K, 65% used [0x00000000a0000000,0x00000000aa4d2b98,0x00000000afb80000)
 Metaspace       used 92346K, capacity 98882K, committed 98944K, reserved 1134592K
  class space    used 11449K, capacity 12889K, committed 12928K, reserved 1048576K
Event: 13408.468 GC heap after
Heap after GC invocations=65 (full 7):
 PSYoungGen      total 460800K, used 7772K [0x00000000e0000000, 0x00000000ffb00000, 0x0000000100000000)
  eden space 409600K, 0% used [0x00000000e0000000,0x00000000e0000000,0x00000000f9000000)
  from space 51200K, 15% used [0x00000000fc900000,0x00000000fd097320,0x00000000ffb00000)
  to   space 54784K, 0% used [0x00000000f9000000,0x00000000f9000000,0x00000000fc580000)
 ParOldGen       total 257536K, used 168946K [0x00000000a0000000, 0x00000000afb80000, 0x00000000e0000000)
  object space 257536K, 65% used [0x00000000a0000000,0x00000000aa4fcbb8,0x00000000afb80000)
 Metaspace       used 92346K, capacity 98882K, committed 98944K, reserved 1134592K
  class space    used 11449K, capacity 12889K, committed 12928K, reserved 1048576K
}
Event: 14472.270 GC heap before
{Heap before GC invocations=66 (full 7):
 PSYoungGen      total 460800K, used 417372K [0x00000000e0000000, 0x00000000ffb00000, 0x0000000100000000)
  eden space 409600K, 100% used [0x00000000e0000000,0x00000000f9000000,0x00000000f9000000)
  from space 51200K, 15% used [0x00000000fc900000,0x00000000fd097320,0x00000000ffb00000)
  to   space 54784K, 0% used [0x00000000f9000000,0x00000000f9000000,0x00000000fc580000)
 ParOldGen       total 257536K, used 168946K [0x00000000a0000000, 0x00000000afb80000, 0x00000000e0000000)
  object space 257536K, 65% used [0x00000000a0000000,0x00000000aa4fcbb8,0x00000000afb80000)
 Metaspace       used 93196K, capacity 100792K, committed 101120K, reserved 1136640K
  class space    used 11615K, capacity 13236K, committed 13312K, reserved 1048576K
Event: 14476.633 GC heap after
Heap after GC invocations=66 (full 7):
 PSYoungGen      total 464384K, used 5040K [0x00000000e0000000, 0x0000000100000000, 0x0000000100000000)
  eden space 409600K, 0% used [0x00000000e0000000,0x00000000e0000000,0x00000000f9000000)
  from space 54784K, 9% used [0x00000000f9000000,0x00000000f94ec030,0x00000000fc580000)
  to   space 53248K, 0% used [0x00000000fcc00000,0x00000000fcc00000,0x0000000100000000)
 ParOldGen       total 257536K, used 169074K [0x00000000a0000000, 0x00000000afb80000, 0x00000000e0000000)
  object space 257536K, 65% used [0x00000000a0000000,0x00000000aa51cbe8,0x00000000afb80000)
 Metaspace       used 93196K, capacity 100792K, committed 101120K, reserved 1136640K
  class space    used 11615K, capacity 13236K, committed 13312K, reserved 1048576K
}
Event: 18482.123 GC heap before
{Heap before GC invocations=67 (full 7):
 PSYoungGen      total 464384K, used 414640K [0x00000000e0000000, 0x0000000100000000, 0x0000000100000000)
  eden space 409600K, 100% used [0x00000000e0000000,0x00000000f9000000,0x00000000f9000000)
  from space 54784K, 9% used [0x00000000f9000000,0x00000000f94ec030,0x00000000fc580000)
  to   space 53248K, 0% used [0x00000000fcc00000,0x00000000fcc00000,0x0000000100000000)
 ParOldGen       total 257536K, used 169074K [0x00000000a0000000, 0x00000000afb80000, 0x00000000e0000000)
  object space 257536K, 65% used [0x00000000a0000000,0x00000000aa51cbe8,0x00000000afb80000)
 Metaspace       used 93858K, capacity 101970K, committed 102144K, reserved 1138688K
  class space    used 11699K, capacity 13458K, committed 13568K, reserved 1048576K
Event: 18590.285 GC heap after
Heap after GC invocations=67 (full 7):
 PSYoungGen      total 463872K, used 8620K [0x00000000e0000000, 0x00000000ffa80000, 0x0000000100000000)
  eden space 416256K, 0% used [0x00000000e0000000,0x00000000e0000000,0x00000000f9680000)
  from space 47616K, 18% used [0x00000000fcc00000,0x00000000fd46b3c8,0x00000000ffa80000)
  to   space 51200K, 0% used [0x00000000f9680000,0x00000000f9680000,0x00000000fc880000)
 ParOldGen       total 257536K, used 170245K [0x00000000a0000000, 0x00000000afb80000, 0x00000000e0000000)
  object space 257536K, 66% used [0x00000000a0000000,0x00000000aa6415c8,0x00000000afb80000)
 Metaspace       used 93858K, capacity 101970K, committed 102144K, reserved 1138688K
  class space    used 11699K, capacity 13458K, committed 13568K, reserved 1048576K
}
Event: 19350.900 GC heap before
{Heap before GC invocations=68 (full 7):
 PSYoungGen      total 463872K, used 424876K [0x00000000e0000000, 0x00000000ffa80000, 0x0000000100000000)
  eden space 416256K, 100% used [0x00000000e0000000,0x00000000f9680000,0x00000000f9680000)
  from space 47616K, 18% used [0x00000000fcc00000,0x00000000fd46b3c8,0x00000000ffa80000)
  to   space 51200K, 0% used [0x00000000f9680000,0x00000000f9680000,0x00000000fc880000)
 ParOldGen       total 257536K, used 170245K [0x00000000a0000000, 0x00000000afb80000, 0x00000000e0000000)
  object space 257536K, 66% used [0x00000000a0000000,0x00000000aa6415c8,0x00000000afb80000)
 Metaspace       used 94698K, capacity 103374K, committed 103552K, reserved 1138688K
  class space    used 11771K, capacity 13688K, committed 13696K, reserved 1048576K
Event: 19354.954 GC heap after
Heap after GC invocations=68 (full 7):
 PSYoungGen      total 467456K, used 13700K [0x00000000e0000000, 0x00000000ffe80000, 0x0000000100000000)
  eden space 416256K, 0% used [0x00000000e0000000,0x00000000e0000000,0x00000000f9680000)
  from space 51200K, 26% used [0x00000000f9680000,0x00000000fa3e1368,0x00000000fc880000)
  to   space 48640K, 0% used [0x00000000fcf00000,0x00000000fcf00000,0x00000000ffe80000)
 ParOldGen       total 257536K, used 173691K [0x00000000a0000000, 0x00000000afb80000, 0x00000000e0000000)
  object space 257536K, 67% used [0x00000000a0000000,0x00000000aa99ef20,0x00000000afb80000)
 Metaspace       used 94698K, capacity 103374K, committed 103552K, reserved 1138688K
  class space    used 11771K, capacity 13688K, committed 13696K, reserved 1048576K
}

