# JRE version: OpenJDK Runtime Environment (8.0_152-b01) (build 1.8.0_152-release-915-b01)
# Java VM: OpenJDK 64-Bit Server VM (25.152-b01 mixed mode linux-amd64 compressed oops)
Heap:
 PSYoungGen      total 293376K, used 30985K [0x00000000e0000000, 0x00000000f7000000, 0x0000000100000000)
  eden space 254464K, 0% used [0x00000000e0000000,0x00000000e0000000,0x00000000ef880000)
  from space 38912K, 79% used [0x00000000ef880000,0x00000000f16c26c0,0x00000000f1e80000)
  to   space 42496K, 0% used [0x00000000f4680000,0x00000000f4680000,0x00000000f7000000)
 ParOldGen       total 83968K, used 69503K [0x00000000a0000000, 0x00000000a5200000, 0x00000000e0000000)
  object space 83968K, 82% used [0x00000000a0000000,0x00000000a43dfe30,0x00000000a5200000)
 Metaspace       used 93099K, capacity 98260K, committed 98264K, reserved 1134592K
  class space    used 12006K, capacity 13312K, committed 13312K, reserved 1048576K
GC Heap History (10 events):
Event: 556.740 GC heap after
Heap after GC invocations=22 (full 3):
 PSYoungGen      total 231424K, used 10698K [0x00000000e0000000, 0x00000000f1a00000, 0x0000000100000000)
  eden space 203776K, 0% used [0x00000000e0000000,0x00000000e0000000,0x00000000ec700000)
  from space 27648K, 38% used [0x00000000ec700000,0x00000000ed172b18,0x00000000ee200000)
  to   space 26112K, 0% used [0x00000000f0080000,0x00000000f0080000,0x00000000f1a00000)
 ParOldGen       total 83968K, used 53388K [0x00000000a0000000, 0x00000000a5200000, 0x00000000e0000000)
  object space 83968K, 63% used [0x00000000a0000000,0x00000000a3423120,0x00000000a5200000)
 Metaspace       used 73750K, capacity 76586K, committed 76760K, reserved 1116160K
  class space    used 9447K, capacity 10126K, committed 10240K, reserved 1048576K
}
Event: 713.926 GC heap before
{Heap before GC invocations=23 (full 3):
 PSYoungGen      total 231424K, used 214474K [0x00000000e0000000, 0x00000000f1a00000, 0x0000000100000000)
  eden space 203776K, 100% used [0x00000000e0000000,0x00000000ec700000,0x00000000ec700000)
  from space 27648K, 38% used [0x00000000ec700000,0x00000000ed172b18,0x00000000ee200000)
  to   space 26112K, 0% used [0x00000000f0080000,0x00000000f0080000,0x00000000f1a00000)
 ParOldGen       total 83968K, used 53388K [0x00000000a0000000, 0x00000000a5200000, 0x00000000e0000000)
  object space 83968K, 63% used [0x00000000a0000000,0x00000000a3423120,0x00000000a5200000)
 Metaspace       used 74695K, capacity 77616K, committed 77912K, reserved 1116160K
  class space    used 9542K, capacity 10253K, committed 10368K, reserved 1048576K
Event: 713.983 GC heap after
Heap after GC invocations=23 (full 3):
 PSYoungGen      total 249344K, used 8192K [0x00000000e0000000, 0x00000000f1280000, 0x0000000100000000)
  eden space 230912K, 0% used [0x00000000e0000000,0x00000000e0000000,0x00000000ee180000)
  from space 18432K, 44% used [0x00000000f0080000,0x00000000f08800d0,0x00000000f1280000)
  to   space 25088K, 0% used [0x00000000ee180000,0x00000000ee180000,0x00000000efa00000)
 ParOldGen       total 83968K, used 53396K [0x00000000a0000000, 0x00000000a5200000, 0x00000000e0000000)
  object space 83968K, 63% used [0x00000000a0000000,0x00000000a3425120,0x00000000a5200000)
 Metaspace       used 74695K, capacity 77616K, committed 77912K, reserved 1116160K
  class space    used 9542K, capacity 10253K, committed 10368K, reserved 1048576K
}
Event: 721.711 GC heap before
{Heap before GC invocations=24 (full 3):
 PSYoungGen      total 249344K, used 239104K [0x00000000e0000000, 0x00000000f1280000, 0x0000000100000000)
  eden space 230912K, 100% used [0x00000000e0000000,0x00000000ee180000,0x00000000ee180000)
  from space 18432K, 44% used [0x00000000f0080000,0x00000000f08800d0,0x00000000f1280000)
  to   space 25088K, 0% used [0x00000000ee180000,0x00000000ee180000,0x00000000efa00000)
 ParOldGen       total 83968K, used 53396K [0x00000000a0000000, 0x00000000a5200000, 0x00000000e0000000)
  object space 83968K, 63% used [0x00000000a0000000,0x00000000a3425120,0x00000000a5200000)
 Metaspace       used 84539K, capacity 88184K, committed 88280K, reserved 1126400K
  class space    used 10774K, capacity 11708K, committed 11776K, reserved 1048576K
Event: 721.871 GC heap after
Heap after GC invocations=24 (full 3):
 PSYoungGen      total 256000K, used 25080K [0x00000000e0000000, 0x00000000f3b80000, 0x0000000100000000)
  eden space 230912K, 0% used [0x00000000e0000000,0x00000000e0000000,0x00000000ee180000)
  from space 25088K, 99% used [0x00000000ee180000,0x00000000ef9fe010,0x00000000efa00000)
  to   space 29696K, 0% used [0x00000000f1e80000,0x00000000f1e80000,0x00000000f3b80000)
 ParOldGen       total 83968K, used 55375K [0x00000000a0000000, 0x00000000a5200000, 0x00000000e0000000)
  object space 83968K, 65% used [0x00000000a0000000,0x00000000a3613f90,0x00000000a5200000)
 Metaspace       used 84539K, capacity 88184K, committed 88280K, reserved 1126400K
  class space    used 10774K, capacity 11708K, committed 11776K, reserved 1048576K
}
Event: 734.837 GC heap before
{Heap before GC invocations=25 (full 3):
 PSYoungGen      total 256000K, used 255992K [0x00000000e0000000, 0x00000000f3b80000, 0x0000000100000000)
  eden space 230912K, 100% used [0x00000000e0000000,0x00000000ee180000,0x00000000ee180000)
  from space 25088K, 99% used [0x00000000ee180000,0x00000000ef9fe010,0x00000000efa00000)
  to   space 29696K, 0% used [0x00000000f1e80000,0x00000000f1e80000,0x00000000f3b80000)
 ParOldGen       total 83968K, used 55375K [0x00000000a0000000, 0x00000000a5200000, 0x00000000e0000000)
  object space 83968K, 65% used [0x00000000a0000000,0x00000000a3613f90,0x00000000a5200000)
 Metaspace       used 90211K, capacity 94986K, committed 95192K, reserved 1132544K
  class space    used 11712K, capacity 12943K, committed 13056K, reserved 1048576K
Event: 735.106 GC heap after
Heap after GC invocations=25 (full 3):
 PSYoungGen      total 284160K, used 29670K [0x00000000e0000000, 0x00000000f4e80000, 0x0000000100000000)
  eden space 254464K, 0% used [0x00000000e0000000,0x00000000e0000000,0x00000000ef880000)
  from space 29696K, 99% used [0x00000000f1e80000,0x00000000f3b79960,0x00000000f3b80000)
  to   space 38912K, 0% used [0x00000000ef880000,0x00000000ef880000,0x00000000f1e80000)
 ParOldGen       total 83968K, used 67733K [0x00000000a0000000, 0x00000000a5200000, 0x00000000e0000000)
  object space 83968K, 80% used [0x00000000a0000000,0x00000000a4225640,0x00000000a5200000)
 Metaspace       used 90211K, capacity 94986K, committed 95192K, reserved 1132544K
  class space    used 11712K, capacity 12943K, committed 13056K, reserved 1048576K
}
Event: 741.844 GC heap before
{Heap before GC invocations=26 (full 3):
 PSYoungGen      total 284160K, used 151110K [0x00000000e0000000, 0x00000000f4e80000, 0x0000000100000000)
  eden space 254464K, 47% used [0x00000000e0000000,0x00000000e7698290,0x00000000ef880000)
  from space 29696K, 99% used [0x00000000f1e80000,0x00000000f3b79960,0x00000000f3b80000)
  to   space 38912K, 0% used [0x00000000ef880000,0x00000000ef880000,0x00000000f1e80000)
 ParOldGen       total 83968K, used 67733K [0x00000000a0000000, 0x00000000a5200000, 0x00000000e0000000)
  object space 83968K, 80% used [0x00000000a0000000,0x00000000a4225640,0x00000000a5200000)
 Metaspace       used 93099K, capacity 98260K, committed 98264K, reserved 1134592K
  class space    used 12006K, capacity 13312K, committed 13312K, reserved 1048576K
Event: 741.972 GC heap after
Heap after GC invocations=26 (full 3):
 PSYoungGen      total 293376K, used 30985K [0x00000000e0000000, 0x00000000f7000000, 0x0000000100000000)
  eden space 254464K, 0% used [0x00000000e0000000,0x00000000e0000000,0x00000000ef880000)
  from space 38912K, 79% used [0x00000000ef880000,0x00000000f16c26c0,0x00000000f1e80000)
  to   space 42496K, 0% used [0x00000000f4680000,0x00000000f4680000,0x00000000f7000000)
 ParOldGen       total 83968K, used 69503K [0x00000000a0000000, 0x00000000a5200000, 0x00000000e0000000)
  object space 83968K, 82% used [0x00000000a0000000,0x00000000a43dfe30,0x00000000a5200000)
 Metaspace       used 93099K, capacity 98260K, committed 98264K, reserved 1134592K
  class space    used 12006K, capacity 13312K, committed 13312K, reserved 1048576K
}
Event: 741.972 GC heap before
{Heap before GC invocations=27 (full 4):
 PSYoungGen      total 293376K, used 30985K [0x00000000e0000000, 0x00000000f7000000, 0x0000000100000000)
  eden space 254464K, 0% used [0x00000000e0000000,0x00000000e0000000,0x00000000ef880000)
  from space 38912K, 79% used [0x00000000ef880000,0x00000000f16c26c0,0x00000000f1e80000)
  to   space 42496K, 0% used [0x00000000f4680000,0x00000000f4680000,0x00000000f7000000)
 ParOldGen       total 83968K, used 69503K [0x00000000a0000000, 0x00000000a5200000, 0x00000000e0000000)
  object space 83968K, 82% used [0x00000000a0000000,0x00000000a43dfe30,0x00000000a5200000)
 Metaspace       used 93099K, capacity 98260K, committed 98264K, reserved 1134592K
  class space    used 12006K, capacity 13312K, committed 13312K, reserved 1048576K

